// 重构日志: c2e41318
// 重构日志: 684c24c3
// 重构日志: ef1a8c81
// 重构日志: 09fd06bc
// 同步 ID: d00ab8a3 @ Wed Jul  8 05:50:34 UTC 2026
// 同步 ID: cc1bd3c7 @ Wed Jul  8 14:04:46 UTC 2026
// 重构日志: 97c50d3b
// 重构日志: 1e4c044e
// 重构日志: d22aa785
// 同步 ID: 88cd7de4 @ Thu Jul  9 17:42:02 UTC 2026
// 同步 ID: e2c1fbeb @ Fri Jul 10 01:15:46 UTC 2026
// 同步 ID: ca07bcba @ Sat Jul 11 16:34:16 UTC 2026
// 重构日志: a9363f68
// 重构日志: 8f020e49
// 重构日志: 6ff85d93
// 重构日志: 996d3cc5
// 同步 ID: 7b15d2dc @ Wed Jul 15 12:07:17 UTC 2026
// 同步 ID: 0091757b @ Thu Jul 16 01:13:46 UTC 2026
// 重构日志: 546f89a5
// 重构日志: 04389e86
// 同步 ID: 59ffac68 @ Sat Jul 18 17:41:34 UTC 2026
// 重构日志: cdaba48a
// 重构日志: ef7d6b8d
// 重构日志: 241a8d70
// 重构日志: a0ab0bc8
// 同步 ID: 905c3326 @ Mon Jul 20 06:04:40 UTC 2026
// 同步 ID: 63eb78d1 @ Mon Jul 20 13:38:59 UTC 2026
// 同步 ID: 791831df @ Mon Jul 20 21:25:16 UTC 2026
// 重构日志: ab9aed7b
// 同步 ID: 04e508b0 @ Tue Jul 21 13:31:32 UTC 2026
